[debug] [2023-04-20T14:55:25.404Z] ----------------------------------------------------------------------
[debug] [2023-04-20T14:55:25.407Z] Command:       C:\Program Files\nodejs\node.exe C:\Program Files\nodejs\node_modules\firebase-tools\lib\bin\firebase.js init
[debug] [2023-04-20T14:55:25.408Z] CLI Version:   11.28.0
[debug] [2023-04-20T14:55:25.408Z] Platform:      win32
[debug] [2023-04-20T14:55:25.409Z] Node Version:  v18.12.1
[debug] [2023-04-20T14:55:25.413Z] Time:          Thu Apr 20 2023 10:55:25 GMT-0400 (hora de Bolivia)
[debug] [2023-04-20T14:55:25.414Z] ----------------------------------------------------------------------
[debug] 
[debug] [2023-04-20T14:55:25.435Z] > command requires scopes: ["email","openid","https://www.googleapis.com/auth/cloudplatformprojects.readonly","https://www.googleapis.com/auth/firebase","https://www.googleapis.com/auth/cloud-platform"]
[debug] [2023-04-20T14:55:25.436Z] > authorizing via signed-in user (grupopiramidedesa@gmail.com)
[info] 
     ######## #### ########  ######## ########     ###     ######  ########
     ##        ##  ##     ## ##       ##     ##  ##   ##  ##       ##
     ######    ##  ########  ######   ########  #########  ######  ######
     ##        ##  ##    ##  ##       ##     ## ##     ##       ## ##
     ##       #### ##     ## ######## ########  ##     ##  ######  ########

You're about to initialize a Firebase project in this directory:

  C:\Users\josbetancourt\Desktop\proyecto-firma

[info] 
=== Project Setup
[info] 
[info] First, let's associate this project directory with a Firebase project.
[info] You can create multiple project aliases by running firebase use --add, 
[info] but for now we'll just set up a default project.
[info] 
[debug] [2023-04-20T14:55:33.027Z] Using project from CLI flag: proyecto-firma-be885
[debug] [2023-04-20T14:55:33.041Z] >>> [apiv2][query] GET https://firebase.googleapis.com/v1beta1/projects/proyecto-firma-be885 [none]
[debug] [2023-04-20T14:55:33.798Z] <<< [apiv2][status] GET https://firebase.googleapis.com/v1beta1/projects/proyecto-firma-be885 403
[debug] [2023-04-20T14:55:33.798Z] <<< [apiv2][body] GET https://firebase.googleapis.com/v1beta1/projects/proyecto-firma-be885 {"error":{"code":403,"message":"The caller does not have permission","status":"PERMISSION_DENIED"}}
[debug] [2023-04-20T14:55:33.799Z] HTTP Error: 403, The caller does not have permission
[debug] [2023-04-20T14:55:33.805Z] FirebaseError: HTTP Error: 403, The caller does not have permission
    at responseToError (C:\Users\josbetancourt\AppData\Roaming\nvm\v18.12.1\node_modules\firebase-tools\lib\responseToError.js:49:12)
    at RetryOperation._fn (C:\Users\josbetancourt\AppData\Roaming\nvm\v18.12.1\node_modules\firebase-tools\lib\apiv2.js:288:77)
    at process.processTicksAndRejections (node:internal/process/task_queues:95:5)
[error] 
[error] Error: Failed to get Firebase project proyecto-firma-be885. Please make sure the project exists and your account has permission to access it.
